<html>
<head>
<title>TestNG:  Rest API regression Test</title>
<link href="../testng.css" rel="stylesheet" type="text/css" />
<link href="../my-testng.css" rel="stylesheet" type="text/css" />

<style type="text/css">
.log { display: none;} 
.stack-trace { display: none;} 
</style>
<script type="text/javascript">
<!--
function flip(e) {
  current = e.style.display;
  if (current == 'block') {
    e.style.display = 'none';
    return 0;
  }
  else {
    e.style.display = 'block';
    return 1;
  }
}

function toggleBox(szDivId, elem, msg1, msg2)
{
  var res = -1;  if (document.getElementById) {
    res = flip(document.getElementById(szDivId));
  }
  else if (document.all) {
    // this is the way old msie versions work
    res = flip(document.all[szDivId]);
  }
  if(elem) {
    if(res == 0) elem.innerHTML = msg1; else elem.innerHTML = msg2;
  }

}

function toggleAllBoxes() {
  if (document.getElementsByTagName) {
    d = document.getElementsByTagName('div');
    for (i = 0; i < d.length; i++) {
      if (d[i].className == 'log') {
        flip(d[i]);
      }
    }
  }
}

// -->
</script>

</head>
<body>
<h2 align='center'>Rest API regression Test</h2><table border='1' align="center">
<tr>
<td>Tests passed/Failed/Skipped:</td><td>8/1/0</td>
</tr><tr>
<td>Started on:</td><td>Fri Dec 20 22:20:59 IST 2019</td>
</tr>
<tr><td>Total time:</td><td>58 seconds (58026 ms)</td>
</tr><tr>
<td>Included groups:</td><td></td>
</tr><tr>
<td>Excluded groups:</td><td></td>
</tr>
</table><p/>
<small><i>(Hover the method name to see the test class name)</i></small><p/>
<table width='100%' border='1' class='invocation-failed'>
<tr><td colspan='4' align='center'><b>FAILED TESTS</b></td></tr>
<tr><td><b>Test method</b></td>
<td width="30%"><b>Exception</b></td>
<td width="10%"><b>Time (seconds)</b></td>
<td><b>Instance</b></td>
</tr>
<tr>
<td title='com.qa.api.gorest.tests.GetUserTest.getAllUserListAPITest()'><b>getAllUserListAPITest</b><br>Test class: com.qa.api.gorest.tests.GetUserTest</td>
<td><div><pre>java.lang.AssertionError: expected [300] but found [200]
	at com.qa.api.gorest.tests.GetUserTest.getAllUserListAPITest(GetUserTest.java:38)
	at java.util.concurrent.ThreadPoolExecutor.runWorker(ThreadPoolExecutor.java:1149)
	at java.util.concurrent.ThreadPoolExecutor$Worker.run(ThreadPoolExecutor.java:624)
	at java.lang.Thread.run(Thread.java:748)
... Removed 16 stack frames</pre></div><a href='#' onClick='toggleBox("stack-trace426380614", this, "Click to show all stack frames", "Click to hide stack frames")'>Click to show all stack frames</a>
<div class='stack-trace' id='stack-trace426380614'><pre>java.lang.AssertionError: expected [300] but found [200]
	at org.testng.Assert.fail(Assert.java:96)
	at org.testng.Assert.failNotEquals(Assert.java:776)
	at org.testng.Assert.assertEqualsImpl(Assert.java:137)
	at org.testng.Assert.assertEquals(Assert.java:118)
	at org.testng.Assert.assertEquals(Assert.java:652)
	at org.testng.Assert.assertEquals(Assert.java:662)
	at com.qa.api.gorest.tests.GetUserTest.getAllUserListAPITest(GetUserTest.java:38)
	at sun.reflect.NativeMethodAccessorImpl.invoke0(Native Method)
	at sun.reflect.NativeMethodAccessorImpl.invoke(NativeMethodAccessorImpl.java:62)
	at sun.reflect.DelegatingMethodAccessorImpl.invoke(DelegatingMethodAccessorImpl.java:43)
	at java.lang.reflect.Method.invoke(Method.java:498)
	at org.testng.internal.MethodInvocationHelper.invokeMethod(MethodInvocationHelper.java:124)
	at org.testng.internal.Invoker.invokeMethod(Invoker.java:583)
	at org.testng.internal.Invoker.invokeTestMethod(Invoker.java:719)
	at org.testng.internal.Invoker.invokeTestMethods(Invoker.java:989)
	at org.testng.internal.TestMethodWorker.invokeTestMethods(TestMethodWorker.java:125)
	at org.testng.internal.TestMethodWorker.run(TestMethodWorker.java:109)
	at java.util.concurrent.ThreadPoolExecutor.runWorker(ThreadPoolExecutor.java:1149)
	at java.util.concurrent.ThreadPoolExecutor$Worker.run(ThreadPoolExecutor.java:624)
	at java.lang.Thread.run(Thread.java:748)
</pre></div></td>
<td>5</td>
<td>com.qa.api.gorest.tests.GetUserTest@47da3952</td></tr>
</table><p>
<table width='100%' border='1' class='invocation-passed'>
<tr><td colspan='4' align='center'><b>PASSED TESTS</b></td></tr>
<tr><td><b>Test method</b></td>
<td width="30%"><b>Exception</b></td>
<td width="10%"><b>Time (seconds)</b></td>
<td><b>Instance</b></td>
</tr>
<tr>
<td title='com.qa.api.gorest.tests.CreateUserTest.createUserAPIPOSTTest()'><b>createUserAPIPOSTTest</b><br>Test class: com.qa.api.gorest.tests.CreateUserTest<br>Parameters: aditya, R, male, 01-Jan-1990, abc1@gmail.com, 9898989999, http://www.abc.com, bangalore, active</td>
<td></td>
<td>15</td>
<td>com.qa.api.gorest.tests.CreateUserTest@60bdf15d</td></tr>
<tr>
<td title='com.qa.api.gorest.tests.CreateUserTest.createUserAPIPOSTTest()'><b>createUserAPIPOSTTest</b><br>Test class: com.qa.api.gorest.tests.CreateUserTest<br>Parameters: pallavi, I, female, 09-Sep-1998, abc2@gmail.com, 98989899990, http://www.abc.com, pune, active</td>
<td></td>
<td>9</td>
<td>com.qa.api.gorest.tests.CreateUserTest@60bdf15d</td></tr>
<tr>
<td title='com.qa.api.gorest.tests.CreateUserTest.createUserAPIPOSTTest()'><b>createUserAPIPOSTTest</b><br>Test class: com.qa.api.gorest.tests.CreateUserTest<br>Parameters: ramesh, B, male, 01-Jan-1991, abc3@gmail.com, 989898999991, http://www.abc.com, Delhi, inactive</td>
<td></td>
<td>10</td>
<td>com.qa.api.gorest.tests.CreateUserTest@60bdf15d</td></tr>
<tr>
<td title='com.qa.api.gorest.tests.CreateUserTest.createUserAPIPOSTTest()'><b>createUserAPIPOSTTest</b><br>Test class: com.qa.api.gorest.tests.CreateUserTest<br>Parameters: samapth, I, male, 09-Sep-1999, abc4@gmail.com, 98989899992, http://www.abc.com, Hyderabad, active</td>
<td></td>
<td>10</td>
<td>com.qa.api.gorest.tests.CreateUserTest@60bdf15d</td></tr>
<tr>
<td title='com.qa.api.gorest.tests.GetImgurAPITest.getAccountBlockStatusTest()'><b>getAccountBlockStatusTest</b><br>Test class: com.qa.api.gorest.tests.GetImgurAPITest</td>
<td></td>
<td>17</td>
<td>com.qa.api.gorest.tests.GetImgurAPITest@51e4ccb3</td></tr>
<tr>
<td title='com.qa.api.gorest.tests.GetImgurAPITest.getAccountImagesTest()'><b>getAccountImagesTest</b><br>Test class: com.qa.api.gorest.tests.GetImgurAPITest</td>
<td></td>
<td>8</td>
<td>com.qa.api.gorest.tests.GetImgurAPITest@51e4ccb3</td></tr>
<tr>
<td title='com.qa.api.gorest.tests.GetUserTest.getUserWithQueryParamsAPITest()'><b>getUserWithQueryParamsAPITest</b><br>Test class: com.qa.api.gorest.tests.GetUserTest</td>
<td></td>
<td>5</td>
<td>com.qa.api.gorest.tests.GetUserTest@47da3952</td></tr>
<tr>
<td title='com.qa.api.gorest.tests.GetImgurAPITest.uploadImagePostAPITest()'><b>uploadImagePostAPITest</b><br>Test class: com.qa.api.gorest.tests.GetImgurAPITest</td>
<td></td>
<td>10</td>
<td>com.qa.api.gorest.tests.GetImgurAPITest@51e4ccb3</td></tr>
</table><p>
</body>
</html>