<?xml version="1.0" encoding="UTF-8"?>
<!-- Generated by org.testng.reporters.JUnitXMLReporter -->
<testsuite hostname="Naveen-Mac.local" ignored="0" name="Rest API regression Test" tests="9" failures="1" timestamp="20 Dec 2019 16:52:02 GMT" time="58.026" errors="0">
  <testcase name="createUserAPIPOSTTest" time="15.918" classname="com.qa.api.gorest.tests.CreateUserTest"/>
  <testcase name="getAccountBlockStatusTest" time="17.77" classname="com.qa.api.gorest.tests.GetImgurAPITest"/>
  <testcase name="createUserAPIPOSTTest" time="9.398" classname="com.qa.api.gorest.tests.CreateUserTest"/>
  <testcase name="getAccountImagesTest" time="8.795" classname="com.qa.api.gorest.tests.GetImgurAPITest"/>
  <testcase name="createUserAPIPOSTTest" time="10.015" classname="com.qa.api.gorest.tests.CreateUserTest"/>
  <testcase name="uploadImagePostAPITest" time="10.785" classname="com.qa.api.gorest.tests.GetImgurAPITest"/>
  <testcase name="createUserAPIPOSTTest" time="10.004" classname="com.qa.api.gorest.tests.CreateUserTest"/>
  <testcase name="getAllUserListAPITest" time="5.343" classname="com.qa.api.gorest.tests.GetUserTest">
    <failure type="java.lang.AssertionError" message="expected [300] but found [200]">
      <![CDATA[java.lang.AssertionError: expected [300] but found [200]
at com.qa.api.gorest.tests.GetUserTest.getAllUserListAPITest(GetUserTest.java:38)
at java.util.concurrent.ThreadPoolExecutor.runWorker(ThreadPoolExecutor.java:1149)
at java.util.concurrent.ThreadPoolExecutor$Worker.run(ThreadPoolExecutor.java:624)
at java.lang.Thread.run(Thread.java:748)
... Removed 16 stack frames]]>
    </failure>
  </testcase> <!-- getAllUserListAPITest -->
  <testcase name="getUserWithQueryParamsAPITest" time="5.707" classname="com.qa.api.gorest.tests.GetUserTest"/>
</testsuite> <!-- Rest API regression Test -->
