<?xml version="1.0" encoding="UTF-8"?>
<testng-results skipped="0" failed="1" ignored="0" total="9" passed="8">
  <reporter-output>
  </reporter-output>
  <suite name="Rest API Test Suite" duration-ms="58026" started-at="2019-12-20T16:50:59Z" finished-at="2019-12-20T16:51:57Z">
    <groups>
    </groups>
    <test name="Rest API regression Test" duration-ms="58026" started-at="2019-12-20T16:50:59Z" finished-at="2019-12-20T16:51:57Z">
      <class name="com.qa.api.gorest.tests.CreateUserTest">
        <test-method status="PASS" signature="createUserAPIPOSTTest(java.lang.String, java.lang.String, java.lang.String, java.lang.String, java.lang.String, java.lang.String, java.lang.String, java.lang.String, java.lang.String)[pri:0, instance:com.qa.api.gorest.tests.CreateUserTest@60bdf15d]" name="createUserAPIPOSTTest" duration-ms="15918" started-at="2019-12-20T16:51:01Z" data-provider="getUserData" finished-at="2019-12-20T16:51:17Z">
          <params>
            <param index="0">
              <value>
                <![CDATA[aditya]]>
              </value>
            </param>
            <param index="1">
              <value>
                <![CDATA[R]]>
              </value>
            </param>
            <param index="2">
              <value>
                <![CDATA[male]]>
              </value>
            </param>
            <param index="3">
              <value>
                <![CDATA[01-Jan-1990]]>
              </value>
            </param>
            <param index="4">
              <value>
                <![CDATA[abc1@gmail.com]]>
              </value>
            </param>
            <param index="5">
              <value>
                <![CDATA[9898989999]]>
              </value>
            </param>
            <param index="6">
              <value>
                <![CDATA[http://www.abc.com]]>
              </value>
            </param>
            <param index="7">
              <value>
                <![CDATA[bangalore]]>
              </value>
            </param>
            <param index="8">
              <value>
                <![CDATA[active]]>
              </value>
            </param>
          </params>
          <reporter-output>
          </reporter-output>
        </test-method> <!-- createUserAPIPOSTTest -->
        <test-method status="PASS" signature="createUserAPIPOSTTest(java.lang.String, java.lang.String, java.lang.String, java.lang.String, java.lang.String, java.lang.String, java.lang.String, java.lang.String, java.lang.String)[pri:0, instance:com.qa.api.gorest.tests.CreateUserTest@60bdf15d]" name="createUserAPIPOSTTest" duration-ms="9398" started-at="2019-12-20T16:51:17Z" data-provider="getUserData" finished-at="2019-12-20T16:51:26Z">
          <params>
            <param index="0">
              <value>
                <![CDATA[pallavi]]>
              </value>
            </param>
            <param index="1">
              <value>
                <![CDATA[I]]>
              </value>
            </param>
            <param index="2">
              <value>
                <![CDATA[female]]>
              </value>
            </param>
            <param index="3">
              <value>
                <![CDATA[09-Sep-1998]]>
              </value>
            </param>
            <param index="4">
              <value>
                <![CDATA[abc2@gmail.com]]>
              </value>
            </param>
            <param index="5">
              <value>
                <![CDATA[98989899990]]>
              </value>
            </param>
            <param index="6">
              <value>
                <![CDATA[http://www.abc.com]]>
              </value>
            </param>
            <param index="7">
              <value>
                <![CDATA[pune]]>
              </value>
            </param>
            <param index="8">
              <value>
                <![CDATA[active]]>
              </value>
            </param>
          </params>
          <reporter-output>
          </reporter-output>
        </test-method> <!-- createUserAPIPOSTTest -->
        <test-method status="PASS" signature="createUserAPIPOSTTest(java.lang.String, java.lang.String, java.lang.String, java.lang.String, java.lang.String, java.lang.String, java.lang.String, java.lang.String, java.lang.String)[pri:0, instance:com.qa.api.gorest.tests.CreateUserTest@60bdf15d]" name="createUserAPIPOSTTest" duration-ms="10015" started-at="2019-12-20T16:51:26Z" data-provider="getUserData" finished-at="2019-12-20T16:51:36Z">
          <params>
            <param index="0">
              <value>
                <![CDATA[ramesh]]>
              </value>
            </param>
            <param index="1">
              <value>
                <![CDATA[B]]>
              </value>
            </param>
            <param index="2">
              <value>
                <![CDATA[male]]>
              </value>
            </param>
            <param index="3">
              <value>
                <![CDATA[01-Jan-1991]]>
              </value>
            </param>
            <param index="4">
              <value>
                <![CDATA[abc3@gmail.com]]>
              </value>
            </param>
            <param index="5">
              <value>
                <![CDATA[989898999991]]>
              </value>
            </param>
            <param index="6">
              <value>
                <![CDATA[http://www.abc.com]]>
              </value>
            </param>
            <param index="7">
              <value>
                <![CDATA[Delhi]]>
              </value>
            </param>
            <param index="8">
              <value>
                <![CDATA[inactive]]>
              </value>
            </param>
          </params>
          <reporter-output>
          </reporter-output>
        </test-method> <!-- createUserAPIPOSTTest -->
        <test-method status="PASS" signature="createUserAPIPOSTTest(java.lang.String, java.lang.String, java.lang.String, java.lang.String, java.lang.String, java.lang.String, java.lang.String, java.lang.String, java.lang.String)[pri:0, instance:com.qa.api.gorest.tests.CreateUserTest@60bdf15d]" name="createUserAPIPOSTTest" duration-ms="10004" started-at="2019-12-20T16:51:36Z" data-provider="getUserData" finished-at="2019-12-20T16:51:46Z">
          <params>
            <param index="0">
              <value>
                <![CDATA[samapth]]>
              </value>
            </param>
            <param index="1">
              <value>
                <![CDATA[I]]>
              </value>
            </param>
            <param index="2">
              <value>
                <![CDATA[male]]>
              </value>
            </param>
            <param index="3">
              <value>
                <![CDATA[09-Sep-1999]]>
              </value>
            </param>
            <param index="4">
              <value>
                <![CDATA[abc4@gmail.com]]>
              </value>
            </param>
            <param index="5">
              <value>
                <![CDATA[98989899992]]>
              </value>
            </param>
            <param index="6">
              <value>
                <![CDATA[http://www.abc.com]]>
              </value>
            </param>
            <param index="7">
              <value>
                <![CDATA[Hyderabad]]>
              </value>
            </param>
            <param index="8">
              <value>
                <![CDATA[active]]>
              </value>
            </param>
          </params>
          <reporter-output>
          </reporter-output>
        </test-method> <!-- createUserAPIPOSTTest -->
      </class> <!-- com.qa.api.gorest.tests.CreateUserTest -->
      <class name="com.qa.api.gorest.tests.GetImgurAPITest">
        <test-method status="PASS" signature="setUp()[pri:0, instance:com.qa.api.gorest.tests.GetImgurAPITest@51e4ccb3]" name="setUp" is-config="true" duration-ms="4885" started-at="2019-12-20T16:50:59Z" finished-at="2019-12-20T16:51:04Z">
          <reporter-output>
          </reporter-output>
        </test-method> <!-- setUp -->
        <test-method status="PASS" signature="getAccountBlockStatusTest()[pri:0, instance:com.qa.api.gorest.tests.GetImgurAPITest@51e4ccb3]" name="getAccountBlockStatusTest" duration-ms="17770" started-at="2019-12-20T16:51:04Z" finished-at="2019-12-20T16:51:22Z">
          <reporter-output>
          </reporter-output>
        </test-method> <!-- getAccountBlockStatusTest -->
        <test-method status="PASS" signature="setUp()[pri:0, instance:com.qa.api.gorest.tests.GetImgurAPITest@51e4ccb3]" name="setUp" is-config="true" duration-ms="1239" started-at="2019-12-20T16:51:22Z" finished-at="2019-12-20T16:51:23Z">
          <reporter-output>
          </reporter-output>
        </test-method> <!-- setUp -->
        <test-method status="PASS" signature="getAccountImagesTest()[pri:0, instance:com.qa.api.gorest.tests.GetImgurAPITest@51e4ccb3]" name="getAccountImagesTest" duration-ms="8795" started-at="2019-12-20T16:51:23Z" finished-at="2019-12-20T16:51:32Z">
          <reporter-output>
          </reporter-output>
        </test-method> <!-- getAccountImagesTest -->
        <test-method status="PASS" signature="setUp()[pri:0, instance:com.qa.api.gorest.tests.GetImgurAPITest@51e4ccb3]" name="setUp" is-config="true" duration-ms="1255" started-at="2019-12-20T16:51:32Z" finished-at="2019-12-20T16:51:33Z">
          <reporter-output>
          </reporter-output>
        </test-method> <!-- setUp -->
        <test-method status="PASS" signature="uploadImagePostAPITest()[pri:0, instance:com.qa.api.gorest.tests.GetImgurAPITest@51e4ccb3]" name="uploadImagePostAPITest" duration-ms="10785" started-at="2019-12-20T16:51:33Z" finished-at="2019-12-20T16:51:44Z">
          <reporter-output>
          </reporter-output>
        </test-method> <!-- uploadImagePostAPITest -->
      </class> <!-- com.qa.api.gorest.tests.GetImgurAPITest -->
      <class name="com.qa.api.gorest.tests.GetUserTest">
        <test-method status="FAIL" signature="getAllUserListAPITest()[pri:1, instance:com.qa.api.gorest.tests.GetUserTest@47da3952]" name="getAllUserListAPITest" duration-ms="5343" started-at="2019-12-20T16:51:46Z" finished-at="2019-12-20T16:51:51Z">
          <exception class="java.lang.AssertionError">
            <message>
              <![CDATA[expected [300] but found [200]]]>
            </message>
            <full-stacktrace>
              <![CDATA[java.lang.AssertionError: expected [300] but found [200]
at org.testng.Assert.fail(Assert.java:96)
at org.testng.Assert.failNotEquals(Assert.java:776)
at org.testng.Assert.assertEqualsImpl(Assert.java:137)
at org.testng.Assert.assertEquals(Assert.java:118)
at org.testng.Assert.assertEquals(Assert.java:652)
at org.testng.Assert.assertEquals(Assert.java:662)
at com.qa.api.gorest.tests.GetUserTest.getAllUserListAPITest(GetUserTest.java:38)
at sun.reflect.NativeMethodAccessorImpl.invoke0(Native Method)
at sun.reflect.NativeMethodAccessorImpl.invoke(NativeMethodAccessorImpl.java:62)
at sun.reflect.DelegatingMethodAccessorImpl.invoke(DelegatingMethodAccessorImpl.java:43)
at java.lang.reflect.Method.invoke(Method.java:498)
at org.testng.internal.MethodInvocationHelper.invokeMethod(MethodInvocationHelper.java:124)
at org.testng.internal.Invoker.invokeMethod(Invoker.java:583)
at org.testng.internal.Invoker.invokeTestMethod(Invoker.java:719)
at org.testng.internal.Invoker.invokeTestMethods(Invoker.java:989)
at org.testng.internal.TestMethodWorker.invokeTestMethods(TestMethodWorker.java:125)
at org.testng.internal.TestMethodWorker.run(TestMethodWorker.java:109)
at java.util.concurrent.ThreadPoolExecutor.runWorker(ThreadPoolExecutor.java:1149)
at java.util.concurrent.ThreadPoolExecutor$Worker.run(ThreadPoolExecutor.java:624)
at java.lang.Thread.run(Thread.java:748)
]]>
            </full-stacktrace>
          </exception> <!-- java.lang.AssertionError -->
          <reporter-output>
          </reporter-output>
        </test-method> <!-- getAllUserListAPITest -->
        <test-method status="PASS" signature="getUserWithQueryParamsAPITest()[pri:2, instance:com.qa.api.gorest.tests.GetUserTest@47da3952]" name="getUserWithQueryParamsAPITest" duration-ms="5707" started-at="2019-12-20T16:51:51Z" finished-at="2019-12-20T16:51:57Z">
          <reporter-output>
          </reporter-output>
        </test-method> <!-- getUserWithQueryParamsAPITest -->
      </class> <!-- com.qa.api.gorest.tests.GetUserTest -->
    </test> <!-- Rest API regression Test -->
  </suite> <!-- Rest API Test Suite -->
</testng-results>
